0 info it worked if it ends with ok
1 verbose cli [ '/usr/local/bin/node', '/usr/local/bin/npm', 'publish' ]
2 info using npm@3.10.9
3 info using node@v6.9.2
4 verbose publish [ '.' ]
5 silly cache add args [ '.', null ]
6 verbose cache add spec .
7 silly cache add parsed spec Result {
7 silly cache add   raw: '.',
7 silly cache add   scope: null,
7 silly cache add   escapedName: null,
7 silly cache add   name: null,
7 silly cache add   rawSpec: '.',
7 silly cache add   spec: '/Users/saiful/Desktop/dhaka-division-postal-code',
7 silly cache add   type: 'directory' }
8 verbose addLocalDirectory /Users/saiful/.npm/dhaka-division-post-code/1.0.0/package.tgz not in flight; packing
9 verbose correctMkdir /Users/saiful/.npm correctMkdir not in flight; initializing
10 info lifecycle dhaka-division-post-code@1.0.0~prepublish: dhaka-division-post-code@1.0.0
11 silly lifecycle dhaka-division-post-code@1.0.0~prepublish: no script for prepublish, continuing
12 verbose tar pack [ '/Users/saiful/.npm/dhaka-division-post-code/1.0.0/package.tgz',
12 verbose tar pack   '/Users/saiful/Desktop/dhaka-division-postal-code' ]
13 verbose tarball /Users/saiful/.npm/dhaka-division-post-code/1.0.0/package.tgz
14 verbose folder /Users/saiful/Desktop/dhaka-division-postal-code
15 verbose addLocalTarball adding from inside cache /Users/saiful/.npm/dhaka-division-post-code/1.0.0/package.tgz
16 verbose correctMkdir /Users/saiful/.npm correctMkdir not in flight; initializing
17 silly cache afterAdd dhaka-division-post-code@1.0.0
18 verbose afterAdd /Users/saiful/.npm/dhaka-division-post-code/1.0.0/package/package.json not in flight; writing
19 verbose correctMkdir /Users/saiful/.npm correctMkdir not in flight; initializing
20 verbose afterAdd /Users/saiful/.npm/dhaka-division-post-code/1.0.0/package/package.json written
21 silly publish { name: 'dhaka-division-post-code',
21 silly publish   version: '1.0.0',
21 silly publish   description: 'Get different area post code in Dhaka Division',
21 silly publish   main: 'src/index.js',
21 silly publish   scripts: { test: 'echo "Error: no test specified" && exit 1' },
21 silly publish   author: { name: 'Saiful', email: 'robal.bashar59@gmail.com' },
21 silly publish   license: 'MIT',
21 silly publish   dependencies: { lodash: '4.17.4' },
21 silly publish   devDependencies: {},
21 silly publish   repository:
21 silly publish    { type: 'git',
21 silly publish      url: 'git+https://github.com/saiful619945/dhaka-division-postal-code.git' },
21 silly publish   keywords: [ 'info' ],
21 silly publish   bugs: { url: 'https://github.com/saiful619945/dhaka-division-postal-code/issues' },
21 silly publish   homepage: 'https://github.com/saiful619945/dhaka-division-postal-code#readme',
21 silly publish   readme: '# dhaka-division-postal-code\n',
21 silly publish   readmeFilename: 'README.md',
21 silly publish   gitHead: 'eaab99dead583098fc559a1a056c2c4d525c11ea',
21 silly publish   _id: 'dhaka-division-post-code@1.0.0',
21 silly publish   _shasum: '8fae2891264b2674c1ab7558de8ce4376d31624c',
21 silly publish   _from: '.' }
22 verbose getPublishConfig undefined
23 silly mapToRegistry name dhaka-division-post-code
24 silly mapToRegistry using default registry
25 silly mapToRegistry registry https://registry.npmjs.org/
26 silly mapToRegistry data Result {
26 silly mapToRegistry   raw: 'dhaka-division-post-code',
26 silly mapToRegistry   scope: null,
26 silly mapToRegistry   escapedName: 'dhaka-division-post-code',
26 silly mapToRegistry   name: 'dhaka-division-post-code',
26 silly mapToRegistry   rawSpec: '',
26 silly mapToRegistry   spec: 'latest',
26 silly mapToRegistry   type: 'tag' }
27 silly mapToRegistry uri https://registry.npmjs.org/dhaka-division-post-code
28 verbose publish registryBase https://registry.npmjs.org/
29 silly publish uploading /Users/saiful/.npm/dhaka-division-post-code/1.0.0/package.tgz
30 verbose request uri https://registry.npmjs.org/dhaka-division-post-code
31 verbose request sending authorization for write operation
32 info attempt registry request try #1 at 4:18:29 PM
33 verbose request using bearer token for auth
34 verbose request id 4c8cb6c2a0cdabdf
35 http request PUT https://registry.npmjs.org/dhaka-division-post-code
36 http 403 https://registry.npmjs.org/dhaka-division-post-code
37 verbose headers { 'content-type': 'application/json',
37 verbose headers   'cache-control': 'max-age=300',
37 verbose headers   'content-length': '95',
37 verbose headers   'accept-ranges': 'bytes',
37 verbose headers   date: 'Sat, 28 Jan 2017 10:18:31 GMT',
37 verbose headers   via: '1.1 varnish',
37 verbose headers   connection: 'keep-alive',
37 verbose headers   'x-served-by': 'cache-sin6920-SIN',
37 verbose headers   'x-cache': 'MISS',
37 verbose headers   'x-cache-hits': '0',
37 verbose headers   'x-timer': 'S1485598710.411650,VS0,VE933',
37 verbose headers   vary: 'Accept-Encoding' }
38 verbose request invalidating /Users/saiful/.npm/registry.npmjs.org/dhaka-division-post-code on PUT
39 error publish Failed PUT 403
40 verbose stack Error: "You cannot publish over the previously published version 1.0.0." : dhaka-division-post-code
40 verbose stack     at makeError (/usr/local/lib/node_modules/npm/node_modules/npm-registry-client/lib/request.js:302:12)
40 verbose stack     at CachingRegistryClient.<anonymous> (/usr/local/lib/node_modules/npm/node_modules/npm-registry-client/lib/request.js:290:14)
40 verbose stack     at Request._callback (/usr/local/lib/node_modules/npm/node_modules/npm-registry-client/lib/request.js:210:14)
40 verbose stack     at Request.self.callback (/usr/local/lib/node_modules/npm/node_modules/request/request.js:187:22)
40 verbose stack     at emitTwo (events.js:106:13)
40 verbose stack     at Request.emit (events.js:191:7)
40 verbose stack     at Request.<anonymous> (/usr/local/lib/node_modules/npm/node_modules/request/request.js:1048:10)
40 verbose stack     at emitOne (events.js:96:13)
40 verbose stack     at Request.emit (events.js:188:7)
40 verbose stack     at IncomingMessage.<anonymous> (/usr/local/lib/node_modules/npm/node_modules/request/request.js:969:12)
41 verbose statusCode 403
42 verbose pkgid dhaka-division-post-code
43 verbose cwd /Users/saiful/Desktop/dhaka-division-postal-code
44 error Darwin 15.6.0
45 error argv "/usr/local/bin/node" "/usr/local/bin/npm" "publish"
46 error node v6.9.2
47 error npm  v3.10.9
48 error code E403
49 error "You cannot publish over the previously published version 1.0.0." : dhaka-division-post-code
50 error If you need help, you may report this error at:
50 error     <https://github.com/npm/npm/issues>
51 verbose exit [ 1, true ]
